build/app/outputs/mapping/release/seeds.txt
com.xhedgehog.nftnotify.MainActivity: MainActivity()
com.xhedgehog.nftnotify.MainActivity
...
com.dexterous.flutterlocalnotifications.models.NotificationChannelDetails: java.lang.String name
io.flutter.embedding.engine.FlutterJNI: io.flutter.embedding.engine.FlutterJNI$AccessibilityDelegate accessibilityDelegate
androidx.window.layout.WindowMetricsCalculator: androidx.window.layout.WindowMetricsCalculator$Companion Companion
androidx.window.layout.WindowMetricsCalculator$Companion$overrideDecorator$1: java.lang.Object invoke(java.lang.Object)
com.dexterous.flutterlocalnotifications.models.IconSource: com.dexterous.flutterlocalnotifications.models.IconSource BitmapFilePath
androidx.window.embedding.SplitRule: SplitRule(int,int,float,int)
org.threeten.bp.temporal.IsoFields$Field: org.threeten.bp.temporal.IsoFields$Field valueOf(java.lang.String)
com.dexterous.flutterlocalnotifications.models.NotificationDetails: java.lang.String ICON_SOURCE
io.flutter.plugins.GeneratedPluginRegistrant
androidx.versionedparcelable.ParcelImpl: android.os.Parcelable$Creator CREATOR
com.dexterous.flutterlocalnotifications.models.NotificationDetails: java.lang.String WHEN
com.dexterous.flutterlocalnotifications.models.NotificationDetails
com.dexterous.flutterlocalnotifications.FlutterLocalNotificationsPlugin: void createNotificationChannel(io.flutter.plugin.common.MethodCall,io.flutter.plugin.common.MethodChannel$Result)
androidx.window.core.Version: androidx.window.core.Version access$getUNKNOWN$cp()
kotlinx.coroutines.internal.DispatchedContinuation: java.lang.Object _reusableCancellableContinuation
androidx.window.layout.WindowInfoTrackerImpl$windowLayoutInfo$1
com.dexterous.flutterlocalnotifications.models.NotificationChannelDetails: java.lang.String VIBRATION_PATTERN
com.google.android.datatransport.cct.internal.QosTier: com.google.android.datatransport.cct.internal.QosTier valueOf(java.lang.String)
com.dexterous.flutterlocalnotifications.models.NotificationChannelDetails: java.lang.String SOUND
androidx.window.layout.SidecarAdapter$Companion: SidecarAdapter$Companion()
com.dexterous.flutterlocalnotifications.models.NotificationDetails: java.lang.Long calledAt
kotlin.jvm.internal.FunctionReference: int getArity()
org.threeten.bp.chrono.HijrahEra: org.threeten.bp.chrono.HijrahEra[] values()
io.flutter.view.AccessibilityViewEmbedder: boolean onAccessibilityHoverEvent(int,android.view.MotionEvent)
androidx.lifecycle.Lifecycle$State: androidx.lifecycle.Lifecycle$State[] values()
com.dexterous.flutterlocalnotifications.models.ScheduledNotificationRepeatFrequency: com.dexterous.flutterlocalnotifications.models.ScheduledNotificationRepeatFrequency valueOf(java.lang.String)
androidx.window.layout.WindowMetricsCalculatorDecorator: androidx.window.layout.WindowMetricsCalculator decorate(androidx.window.layout.WindowMetricsCalculator)
kotlin.coroutines.AbstractCoroutineContextElement: kotlin.coroutines.CoroutineContext$Element get(kotlin.coroutines.CoroutineContext$Key)
androidx.core.R$dimen: int notification_large_icon_width
androidx.window.embedding.SplitInfo: androidx.window.embedding.ActivityStack getPrimaryActivityStack()
io.flutter.embedding.engine.FlutterJNI: void nativeMarkTextureFrameAvailable(long,long)
io.flutter.plugin.platform.SingleViewPresentation: void onCreate(android.os.Bundle)
androidx.core.graphics.drawable.IconCompat: IconCompat()
com.dexterous.flutterlocalnotifications.FlutterLocalNotificationsPlugin: java.util.HashMap getMappedNotificationChannel(android.app.NotificationChannel)
androidx.window.core.Version: int major
com.dexterous.flutterlocalnotifications.models.Time: java.lang.Integer second
com.dexterous.flutterlocalnotifications.models.NotificationChannelDetails: java.lang.String LED_COLOR_RED
io.flutter.embedding.engine.FlutterJNI: void destroyOverlaySurfaces()
kotlin.jvm.internal.CallableReference: java.lang.Object NO_RECEIVER