build/app/outputs/mapping/release/mapping.txt
# compiler: R8
# compiler_version: 2.0.99
# min_api: 21
# pg_map_id: ec80b27
# common_typos_disable
...
com.google.android.gms.stats.zzb -> f.a.a.b.d.b:
    com.google.android.gms.stats.WakeLock zzp -> d
com.google.android.gms.tasks.Continuation -> f.a.a.b.e.a:
    java.lang.Object then(com.google.android.gms.tasks.Task) -> a
com.google.android.gms.tasks.OnCanceledListener -> f.a.a.b.e.b:
    void onCanceled() -> b
com.google.android.gms.tasks.OnCompleteListener -> f.a.a.b.e.c:
    void onComplete(com.google.android.gms.tasks.Task) -> a
com.google.android.gms.tasks.OnFailureListener -> f.a.a.b.e.d:
    void onFailure(java.lang.Exception) -> c
com.google.android.gms.tasks.OnSuccessListener -> f.a.a.b.e.e:
    void onSuccess(java.lang.Object) -> d
com.google.android.gms.tasks.RuntimeExecutionException -> f.a.a.b.e.f:
com.google.android.gms.tasks.SuccessContinuation -> f.a.a.b.e.g:
    com.google.android.gms.tasks.Task then(java.lang.Object) -> a
com.google.android.gms.tasks.Task -> f.a.a.b.e.h:
    com.google.android.gms.tasks.Task addOnCanceledListener(java.util.concurrent.Executor,com.google.android.gms.tasks.OnCanceledListener) -> a
    com.google.android.gms.tasks.Task addOnCompleteListener(com.google.android.gms.tasks.OnCompleteListener) -> b
    com.google.android.gms.tasks.Task addOnCompleteListener(java.util.concurrent.Executor,com.google.android.gms.tasks.OnCompleteListener) -> c
    com.google.android.gms.tasks.Task addOnFailureListener(java.util.concurrent.Executor,com.google.android.gms.tasks.OnFailureListener) -> d
    com.google.android.gms.tasks.Task addOnSuccessListener(java.util.concurrent.Executor,com.google.android.gms.tasks.OnSuccessListener) -> e
    com.google.android.gms.tasks.Task continueWith(java.util.concurrent.Executor,com.google.android.gms.tasks.Continuation) -> f
    com.google.android.gms.tasks.Task continueWithTask(java.util.concurrent.Executor,com.google.android.gms.tasks.Continuation) -> g
    java.lang.Exception getException() -> h
    java.lang.Object getResult() -> i
    java.lang.Object getResult(java.lang.Class) -> j
    boolean isCanceled() -> k
    boolean isComplete() -> l
    boolean isSuccessful() -> m
    com.google.android.gms.tasks.Task onSuccessTask(com.google.android.gms.tasks.SuccessContinuation) -> n
    com.google.android.gms.tasks.Task onSuccessTask(java.util.concurrent.Executor,com.google.android.gms.tasks.SuccessContinuation) -> o
com.google.android.gms.tasks.TaskCompletionSource -> f.a.a.b.e.i:
    com.google.android.gms.tasks.zzu zza -> a
    com.google.android.gms.tasks.Task getTask() -> a
    void setException(java.lang.Exception) -> b
    void setResult(java.lang.Object) -> c
    boolean trySetException(java.lang.Exception) -> d
    boolean trySetResult(java.lang.Object) -> e
com.google.android.gms.tasks.TaskExecutors -> f.a.a.b.e.j:
    java.util.concurrent.Executor MAIN_THREAD -> a
    java.util.concurrent.Executor zzw -> b
com.google.android.gms.tasks.TaskExecutors$zza -> f.a.a.b.e.j$a:
    android.os.Handler mHandler -> d
com.google.android.gms.tasks.Tasks -> f.a.a.b.e.k:
    java.lang.Object await(com.google.android.gms.tasks.Task) -> a
    java.lang.Object await(com.google.android.gms.tasks.Task,long,java.util.concurrent.TimeUnit) -> b
    com.google.android.gms.tasks.Task call(java.util.concurrent.Executor,java.util.concurrent.Callable) -> c
    com.google.android.gms.tasks.Task forException(java.lang.Exception) -> d
    com.google.android.gms.tasks.Task forResult(java.lang.Object) -> e
    void zza(com.google.android.gms.tasks.Task,com.google.android.gms.tasks.Tasks$zzb) -> f
    java.lang.Object zzb(com.google.android.gms.tasks.Task) -> g
com.google.android.gms.tasks.Tasks$zza -> f.a.a.b.e.k$a:
    java.util.concurrent.CountDownLatch zzaf -> a
    void await() -> a
    void onCanceled() -> b
    void onFailure(java.lang.Exception) -> c
    void onSuccess(java.lang.Object) -> d
    boolean await(long,java.util.concurrent.TimeUnit) -> e
com.google.android.gms.tasks.Tasks$zzb -> f.a.a.b.e.k$b: