build/app/outputs/mapping/release/usage.txt
com.xhedgehog.nftnotify.R$dimen
com.xhedgehog.nftnotify.R$color
com.xhedgehog.nftnotify.R$attr
com.xhedgehog.nftnotify.R$mipmap
com.xhedgehog.nftnotify.R
com.xhedgehog.nftnotify.R$drawable
com.xhedgehog.nftnotify.R$id
com.xhedgehog.nftnotify.R$integer
com.xhedgehog.nftnotify.BuildConfig
com.xhedgehog.nftnotify.R$styleable
com.xhedgehog.nftnotify.R$string
com.xhedgehog.nftnotify.R$layout
com.xhedgehog.nftnotify.R$style
...
androidx.arch.core.executor.DefaultTaskExecutor$1
androidx.core.util.Pools$SimplePool
kotlin.collections.ArraysKt___ArraysKt$withIndex$8
androidx.core.text.TextDirectionHeuristicsCompat$TextDirectionHeuristicImpl:
    public boolean isRtl(char[],int,int)
androidx.core.text.util.LinkifyCompat
androidx.lifecycle.livedata.core.R
androidx.documentfile.provider.DocumentFile
com.google.firebase.installations.interop.R$layout
com.google.firebase.components.ComponentDiscovery:
    public java.util.List discover()
    static final java.lang.String TAG
    private static final java.lang.String COMPONENT_SENTINEL_VALUE
    private static final java.lang.String COMPONENT_KEY_PREFIX
androidx.savedstate.Recreator$SavedStateProvider
kotlinx.coroutines.NonCancellable
kotlin.jvm.internal.MutablePropertyReference0
kotlin.coroutines.CombinedContext$writeReplace$1
androidx.core.view.accessibility.AccessibilityNodeInfoCompat$AccessibilityActionCompat
com.google.firebase.messaging.FirebaseMessaging$$ExternalSyntheticLambda4:
    public final void onNewToken(java.lang.String)
kotlinx.coroutines.GlobalScope
com.google.android.gms.common.api.zzb
kotlinx.coroutines.AbstractTimeSourceKt:
    public static final void setTimeSource(kotlinx.coroutines.AbstractTimeSource)
    private static final long currentTimeMillis()
    private static final long nanoTime()
    private static final java.lang.Runnable wrapTask(java.lang.Runnable)
    private static final void trackTask()
    private static final void unTrackTask()
    private static final void registerTimeLoopThread()
    private static final void unregisterTimeLoopThread()
    private static final void parkNanos(java.lang.Object,long)
    private static final void unpark(java.lang.Thread)
androidx.core.content.pm.PermissionInfoCompat$Protection
com.google.android.gms.common.stats.StatsUtils:
    public void <init>()
    public static java.lang.String getEventKey(android.content.Context,android.content.Intent)
kotlinx.coroutines.LazyDeferredCoroutine
kotlinx.coroutines.internal.Symbol:
    public final java.lang.String getSymbol()
    public final java.lang.Object unbox(java.lang.Object)
kotlin.Experimental
kotlinx.coroutines.debug.internal.ConcurrentWeakMap$keys$1
kotlin.io.ConsoleKt
androidx.core.content.LocusIdCompat$Api29Impl
com.google.android.gms.common.api.internal.zzb
androidx.core.util.Pools$Pool
org.threeten.bp.chrono.MinguoEra:
    public java.lang.String getDisplayName(org.threeten.bp.format.TextStyle,java.util.Locale)
android.support.v4.media.session.MediaControllerCompat$MediaControllerImplBase
kotlin.io.FilesKt__FileReadWriteKt
com.google.android.gms.common.internal.zzm
androidx.annotation.RequiresPermission